The system is: Linux - 5.4.59 - x86_64
Compiling the C compiler identification source file "CMakeCCompilerId.c" succeeded.
Compiler: /run/current-system/sw/bin/cc 
Build flags: 
Id flags:  

The output was:
0


Compilation of the C compiler identification source "CMakeCCompilerId.c" produced "a.out"

The C compiler identification is Clang, found in "/home/novafacing/hub/llvm-project/clang-tools-extra/clang-tidy/eastwood/CMakeFiles/3.18.0/CompilerIdC/a.out"

Compiling the CXX compiler identification source file "CMakeCXXCompilerId.cpp" succeeded.
Compiler: /run/current-system/sw/bin/c++ 
Build flags: 
Id flags:  

The output was:
0


Compilation of the CXX compiler identification source "CMakeCXXCompilerId.cpp" produced "a.out"

The CXX compiler identification is Clang, found in "/home/novafacing/hub/llvm-project/clang-tools-extra/clang-tidy/eastwood/CMakeFiles/3.18.0/CompilerIdCXX/a.out"

Detecting C compiler ABI info compiled with the following output:
Change Dir: /home/novafacing/hub/llvm-project/clang-tools-extra/clang-tidy/eastwood/CMakeFiles/CMakeTmp

Run Build Command(s):/run/current-system/sw/bin/make cmTC_a8bd9/fast && /run/current-system/sw/bin/make  -f CMakeFiles/cmTC_a8bd9.dir/build.make CMakeFiles/cmTC_a8bd9.dir/build
make[1]: Entering directory '/home/novafacing/hub/llvm-project/clang-tools-extra/clang-tidy/eastwood/CMakeFiles/CMakeTmp'
Building C object CMakeFiles/cmTC_a8bd9.dir/CMakeCCompilerABI.c.o
/run/current-system/sw/bin/cc   -v -o CMakeFiles/cmTC_a8bd9.dir/CMakeCCompilerABI.c.o -c /nix/store/jliz2sq0j8yics0g7l1nk6bfcjn35n7n-cmake-3.18.0/share/cmake-3.18/Modules/CMakeCCompilerABI.c
clang version 7.1.0 (tags/RELEASE_710/final)
Target: x86_64-unknown-linux-gnu
Thread model: posix
InstalledDir: /nix/store/l1mlqcyvwv2xvrkld1554lw0sadd96an-clang-7.1.0/bin
Found candidate GCC installation: /nix/store/5366flzkjhpsbw78zmdr9c20b7zjj49m-gcc-9.3.0/lib/gcc/x86_64-unknown-linux-gnu/9.3.0
Found candidate GCC installation: /nix/store/5366flzkjhpsbw78zmdr9c20b7zjj49m-gcc-9.3.0/lib64/gcc/x86_64-unknown-linux-gnu/9.3.0
Selected GCC installation: /nix/store/5366flzkjhpsbw78zmdr9c20b7zjj49m-gcc-9.3.0/lib64/gcc/x86_64-unknown-linux-gnu/9.3.0
Candidate multilib: .;@m64
Selected multilib: .;@m64
 "/nix/store/l1mlqcyvwv2xvrkld1554lw0sadd96an-clang-7.1.0/bin/clang-7" -cc1 -triple x86_64-unknown-linux-gnu -emit-obj -mrelax-all -disable-free -disable-llvm-verifier -discard-value-names -main-file-name CMakeCCompilerABI.c -mrelocation-model static -mthread-model posix -mdisable-fp-elim -fmath-errno -masm-verbose -mconstructor-aliases -munwind-tables -fuse-init-array -target-cpu x86-64 -dwarf-column-info -debugger-tuning=gdb -v -coverage-notes-file /home/novafacing/hub/llvm-project/clang-tools-extra/clang-tidy/eastwood/CMakeFiles/CMakeTmp/CMakeFiles/cmTC_a8bd9.dir/CMakeCCompilerABI.c.gcno -nostdsysteminc -resource-dir /nix/store/jbzizcywfmdq2vv50yqqrbjhdmkbq0v2-clang-wrapper-7.1.0/resource-root -idirafter /nix/store/cjvjsz8mnjp23m1hj620a27si505lyzf-glibc-2.31-dev/include -internal-isystem /nix/store/jbzizcywfmdq2vv50yqqrbjhdmkbq0v2-clang-wrapper-7.1.0/resource-root/include -fdebug-compilation-dir /home/novafacing/hub/llvm-project/clang-tools-extra/clang-tidy/eastwood/CMakeFiles/CMakeTmp -ferror-limit 19 -fmessage-length 0 -fobjc-runtime=gcc -fdiagnostics-show-option -o CMakeFiles/cmTC_a8bd9.dir/CMakeCCompilerABI.c.o -x c /nix/store/jliz2sq0j8yics0g7l1nk6bfcjn35n7n-cmake-3.18.0/share/cmake-3.18/Modules/CMakeCCompilerABI.c -faddrsig
clang -cc1 version 7.1.0 based upon LLVM 7.1.0 default target x86_64-unknown-linux-gnu
#include "..." search starts here:
#include <...> search starts here:
 /nix/store/jbzizcywfmdq2vv50yqqrbjhdmkbq0v2-clang-wrapper-7.1.0/resource-root/include
 /nix/store/cjvjsz8mnjp23m1hj620a27si505lyzf-glibc-2.31-dev/include
End of search list.
Linking C executable cmTC_a8bd9
/nix/store/jliz2sq0j8yics0g7l1nk6bfcjn35n7n-cmake-3.18.0/bin/cmake -E cmake_link_script CMakeFiles/cmTC_a8bd9.dir/link.txt --verbose=1
/run/current-system/sw/bin/cc  -v -rdynamic CMakeFiles/cmTC_a8bd9.dir/CMakeCCompilerABI.c.o -o cmTC_a8bd9 
clang version 7.1.0 (tags/RELEASE_710/final)
Target: x86_64-unknown-linux-gnu
Thread model: posix
InstalledDir: /nix/store/l1mlqcyvwv2xvrkld1554lw0sadd96an-clang-7.1.0/bin
Found candidate GCC installation: /nix/store/5366flzkjhpsbw78zmdr9c20b7zjj49m-gcc-9.3.0/lib/gcc/x86_64-unknown-linux-gnu/9.3.0
Found candidate GCC installation: /nix/store/5366flzkjhpsbw78zmdr9c20b7zjj49m-gcc-9.3.0/lib64/gcc/x86_64-unknown-linux-gnu/9.3.0
Selected GCC installation: /nix/store/5366flzkjhpsbw78zmdr9c20b7zjj49m-gcc-9.3.0/lib64/gcc/x86_64-unknown-linux-gnu/9.3.0
Candidate multilib: .;@m64
Selected multilib: .;@m64
 "/nix/store/jbzizcywfmdq2vv50yqqrbjhdmkbq0v2-clang-wrapper-7.1.0/bin/ld" -export-dynamic --eh-frame-hdr -m elf_x86_64 -export-dynamic -o cmTC_a8bd9 /nix/store/mh78fk3x12q2a77srgkzv16h0irl8r61-glibc-2.31/lib/crt1.o /nix/store/mh78fk3x12q2a77srgkzv16h0irl8r61-glibc-2.31/lib/crti.o /nix/store/5366flzkjhpsbw78zmdr9c20b7zjj49m-gcc-9.3.0/lib/gcc/x86_64-unknown-linux-gnu/9.3.0/crtbegin.o -L/nix/store/mh78fk3x12q2a77srgkzv16h0irl8r61-glibc-2.31/lib -L/nix/store/5366flzkjhpsbw78zmdr9c20b7zjj49m-gcc-9.3.0/lib/gcc/x86_64-unknown-linux-gnu/9.3.0 -L/nix/store/v589pqjhvxrj73g3r0xb41yr84z5pwb7-gcc-9.3.0-lib/x86_64-unknown-linux-gnu/lib -L/nix/store/18vkck1rjpydzrhj5mnbz8b910fva6l7-clang-7.1.0-lib/lib -L/nix/store/5366flzkjhpsbw78zmdr9c20b7zjj49m-gcc-9.3.0/lib64/gcc/x86_64-unknown-linux-gnu/9.3.0 -L/nix/store/5366flzkjhpsbw78zmdr9c20b7zjj49m-gcc-9.3.0/lib64/gcc/x86_64-unknown-linux-gnu/9.3.0/../../../../lib64 -L/nix/store/5366flzkjhpsbw78zmdr9c20b7zjj49m-gcc-9.3.0/lib64/gcc/x86_64-unknown-linux-gnu/9.3.0/../../.. -L/nix/store/l1mlqcyvwv2xvrkld1554lw0sadd96an-clang-7.1.0/bin/../lib -dynamic-linker /nix/store/mh78fk3x12q2a77srgkzv16h0irl8r61-glibc-2.31/lib/ld-linux-x86-64.so.2 CMakeFiles/cmTC_a8bd9.dir/CMakeCCompilerABI.c.o -lgcc --as-needed -lgcc_s --no-as-needed -lc -lgcc --as-needed -lgcc_s --no-as-needed /nix/store/5366flzkjhpsbw78zmdr9c20b7zjj49m-gcc-9.3.0/lib/gcc/x86_64-unknown-linux-gnu/9.3.0/crtend.o /nix/store/mh78fk3x12q2a77srgkzv16h0irl8r61-glibc-2.31/lib/crtn.o
make[1]: Leaving directory '/home/novafacing/hub/llvm-project/clang-tools-extra/clang-tidy/eastwood/CMakeFiles/CMakeTmp'



Parsed C implicit include dir info from above output: rv=done
  found start of include info
  found start of implicit include info
    add: [/nix/store/jbzizcywfmdq2vv50yqqrbjhdmkbq0v2-clang-wrapper-7.1.0/resource-root/include]
    add: [/nix/store/cjvjsz8mnjp23m1hj620a27si505lyzf-glibc-2.31-dev/include]
  end of search list found
  collapse include dir [/nix/store/jbzizcywfmdq2vv50yqqrbjhdmkbq0v2-clang-wrapper-7.1.0/resource-root/include] ==> [/nix/store/jbzizcywfmdq2vv50yqqrbjhdmkbq0v2-clang-wrapper-7.1.0/resource-root/include]
  collapse include dir [/nix/store/cjvjsz8mnjp23m1hj620a27si505lyzf-glibc-2.31-dev/include] ==> [/nix/store/cjvjsz8mnjp23m1hj620a27si505lyzf-glibc-2.31-dev/include]
  implicit include dirs: [/nix/store/jbzizcywfmdq2vv50yqqrbjhdmkbq0v2-clang-wrapper-7.1.0/resource-root/include;/nix/store/cjvjsz8mnjp23m1hj620a27si505lyzf-glibc-2.31-dev/include]


Parsed C implicit link information from above output:
  link line regex: [^( *|.*[/\])(ld|CMAKE_LINK_STARTFILE-NOTFOUND|([^/\]+-)?ld|collect2)[^/\]*( |$)]
  ignore line: [Change Dir: /home/novafacing/hub/llvm-project/clang-tools-extra/clang-tidy/eastwood/CMakeFiles/CMakeTmp]
  ignore line: []
  ignore line: [Run Build Command(s):/run/current-system/sw/bin/make cmTC_a8bd9/fast && /run/current-system/sw/bin/make  -f CMakeFiles/cmTC_a8bd9.dir/build.make CMakeFiles/cmTC_a8bd9.dir/build]
  ignore line: [make[1]: Entering directory '/home/novafacing/hub/llvm-project/clang-tools-extra/clang-tidy/eastwood/CMakeFiles/CMakeTmp']
  ignore line: [Building C object CMakeFiles/cmTC_a8bd9.dir/CMakeCCompilerABI.c.o]
  ignore line: [/run/current-system/sw/bin/cc   -v -o CMakeFiles/cmTC_a8bd9.dir/CMakeCCompilerABI.c.o -c /nix/store/jliz2sq0j8yics0g7l1nk6bfcjn35n7n-cmake-3.18.0/share/cmake-3.18/Modules/CMakeCCompilerABI.c]
  ignore line: [clang version 7.1.0 (tags/RELEASE_710/final)]
  ignore line: [Target: x86_64-unknown-linux-gnu]
  ignore line: [Thread model: posix]
  ignore line: [InstalledDir: /nix/store/l1mlqcyvwv2xvrkld1554lw0sadd96an-clang-7.1.0/bin]
  ignore line: [Found candidate GCC installation: /nix/store/5366flzkjhpsbw78zmdr9c20b7zjj49m-gcc-9.3.0/lib/gcc/x86_64-unknown-linux-gnu/9.3.0]
  ignore line: [Found candidate GCC installation: /nix/store/5366flzkjhpsbw78zmdr9c20b7zjj49m-gcc-9.3.0/lib64/gcc/x86_64-unknown-linux-gnu/9.3.0]
  ignore line: [Selected GCC installation: /nix/store/5366flzkjhpsbw78zmdr9c20b7zjj49m-gcc-9.3.0/lib64/gcc/x86_64-unknown-linux-gnu/9.3.0]
  ignore line: [Candidate multilib: .]
  ignore line: [@m64]
  ignore line: [Selected multilib: .]
  ignore line: [@m64]
  ignore line: [ "/nix/store/l1mlqcyvwv2xvrkld1554lw0sadd96an-clang-7.1.0/bin/clang-7" -cc1 -triple x86_64-unknown-linux-gnu -emit-obj -mrelax-all -disable-free -disable-llvm-verifier -discard-value-names -main-file-name CMakeCCompilerABI.c -mrelocation-model static -mthread-model posix -mdisable-fp-elim -fmath-errno -masm-verbose -mconstructor-aliases -munwind-tables -fuse-init-array -target-cpu x86-64 -dwarf-column-info -debugger-tuning=gdb -v -coverage-notes-file /home/novafacing/hub/llvm-project/clang-tools-extra/clang-tidy/eastwood/CMakeFiles/CMakeTmp/CMakeFiles/cmTC_a8bd9.dir/CMakeCCompilerABI.c.gcno -nostdsysteminc -resource-dir /nix/store/jbzizcywfmdq2vv50yqqrbjhdmkbq0v2-clang-wrapper-7.1.0/resource-root -idirafter /nix/store/cjvjsz8mnjp23m1hj620a27si505lyzf-glibc-2.31-dev/include -internal-isystem /nix/store/jbzizcywfmdq2vv50yqqrbjhdmkbq0v2-clang-wrapper-7.1.0/resource-root/include -fdebug-compilation-dir /home/novafacing/hub/llvm-project/clang-tools-extra/clang-tidy/eastwood/CMakeFiles/CMakeTmp -ferror-limit 19 -fmessage-length 0 -fobjc-runtime=gcc -fdiagnostics-show-option -o CMakeFiles/cmTC_a8bd9.dir/CMakeCCompilerABI.c.o -x c /nix/store/jliz2sq0j8yics0g7l1nk6bfcjn35n7n-cmake-3.18.0/share/cmake-3.18/Modules/CMakeCCompilerABI.c -faddrsig]
  ignore line: [clang -cc1 version 7.1.0 based upon LLVM 7.1.0 default target x86_64-unknown-linux-gnu]
  ignore line: [#include "..." search starts here:]
  ignore line: [#include <...> search starts here:]
  ignore line: [ /nix/store/jbzizcywfmdq2vv50yqqrbjhdmkbq0v2-clang-wrapper-7.1.0/resource-root/include]
  ignore line: [ /nix/store/cjvjsz8mnjp23m1hj620a27si505lyzf-glibc-2.31-dev/include]
  ignore line: [End of search list.]
  ignore line: [Linking C executable cmTC_a8bd9]
  ignore line: [/nix/store/jliz2sq0j8yics0g7l1nk6bfcjn35n7n-cmake-3.18.0/bin/cmake -E cmake_link_script CMakeFiles/cmTC_a8bd9.dir/link.txt --verbose=1]
  ignore line: [/run/current-system/sw/bin/cc  -v -rdynamic CMakeFiles/cmTC_a8bd9.dir/CMakeCCompilerABI.c.o -o cmTC_a8bd9 ]
  ignore line: [clang version 7.1.0 (tags/RELEASE_710/final)]
  ignore line: [Target: x86_64-unknown-linux-gnu]
  ignore line: [Thread model: posix]
  ignore line: [InstalledDir: /nix/store/l1mlqcyvwv2xvrkld1554lw0sadd96an-clang-7.1.0/bin]
  ignore line: [Found candidate GCC installation: /nix/store/5366flzkjhpsbw78zmdr9c20b7zjj49m-gcc-9.3.0/lib/gcc/x86_64-unknown-linux-gnu/9.3.0]
  ignore line: [Found candidate GCC installation: /nix/store/5366flzkjhpsbw78zmdr9c20b7zjj49m-gcc-9.3.0/lib64/gcc/x86_64-unknown-linux-gnu/9.3.0]
  ignore line: [Selected GCC installation: /nix/store/5366flzkjhpsbw78zmdr9c20b7zjj49m-gcc-9.3.0/lib64/gcc/x86_64-unknown-linux-gnu/9.3.0]
  ignore line: [Candidate multilib: .]
  ignore line: [@m64]
  ignore line: [Selected multilib: .]
  ignore line: [@m64]
  link line: [ "/nix/store/jbzizcywfmdq2vv50yqqrbjhdmkbq0v2-clang-wrapper-7.1.0/bin/ld" -export-dynamic --eh-frame-hdr -m elf_x86_64 -export-dynamic -o cmTC_a8bd9 /nix/store/mh78fk3x12q2a77srgkzv16h0irl8r61-glibc-2.31/lib/crt1.o /nix/store/mh78fk3x12q2a77srgkzv16h0irl8r61-glibc-2.31/lib/crti.o /nix/store/5366flzkjhpsbw78zmdr9c20b7zjj49m-gcc-9.3.0/lib/gcc/x86_64-unknown-linux-gnu/9.3.0/crtbegin.o -L/nix/store/mh78fk3x12q2a77srgkzv16h0irl8r61-glibc-2.31/lib -L/nix/store/5366flzkjhpsbw78zmdr9c20b7zjj49m-gcc-9.3.0/lib/gcc/x86_64-unknown-linux-gnu/9.3.0 -L/nix/store/v589pqjhvxrj73g3r0xb41yr84z5pwb7-gcc-9.3.0-lib/x86_64-unknown-linux-gnu/lib -L/nix/store/18vkck1rjpydzrhj5mnbz8b910fva6l7-clang-7.1.0-lib/lib -L/nix/store/5366flzkjhpsbw78zmdr9c20b7zjj49m-gcc-9.3.0/lib64/gcc/x86_64-unknown-linux-gnu/9.3.0 -L/nix/store/5366flzkjhpsbw78zmdr9c20b7zjj49m-gcc-9.3.0/lib64/gcc/x86_64-unknown-linux-gnu/9.3.0/../../../../lib64 -L/nix/store/5366flzkjhpsbw78zmdr9c20b7zjj49m-gcc-9.3.0/lib64/gcc/x86_64-unknown-linux-gnu/9.3.0/../../.. -L/nix/store/l1mlqcyvwv2xvrkld1554lw0sadd96an-clang-7.1.0/bin/../lib -dynamic-linker /nix/store/mh78fk3x12q2a77srgkzv16h0irl8r61-glibc-2.31/lib/ld-linux-x86-64.so.2 CMakeFiles/cmTC_a8bd9.dir/CMakeCCompilerABI.c.o -lgcc --as-needed -lgcc_s --no-as-needed -lc -lgcc --as-needed -lgcc_s --no-as-needed /nix/store/5366flzkjhpsbw78zmdr9c20b7zjj49m-gcc-9.3.0/lib/gcc/x86_64-unknown-linux-gnu/9.3.0/crtend.o /nix/store/mh78fk3x12q2a77srgkzv16h0irl8r61-glibc-2.31/lib/crtn.o]
    arg [/nix/store/jbzizcywfmdq2vv50yqqrbjhdmkbq0v2-clang-wrapper-7.1.0/bin/ld] ==> ignore
    arg [-export-dynamic] ==> ignore
    arg [--eh-frame-hdr] ==> ignore
    arg [-m] ==> ignore
    arg [elf_x86_64] ==> ignore
    arg [-export-dynamic] ==> ignore
    arg [-o] ==> ignore
    arg [cmTC_a8bd9] ==> ignore
    arg [/nix/store/mh78fk3x12q2a77srgkzv16h0irl8r61-glibc-2.31/lib/crt1.o] ==> ignore
    arg [/nix/store/mh78fk3x12q2a77srgkzv16h0irl8r61-glibc-2.31/lib/crti.o] ==> ignore
    arg [/nix/store/5366flzkjhpsbw78zmdr9c20b7zjj49m-gcc-9.3.0/lib/gcc/x86_64-unknown-linux-gnu/9.3.0/crtbegin.o] ==> ignore
    arg [-L/nix/store/mh78fk3x12q2a77srgkzv16h0irl8r61-glibc-2.31/lib] ==> dir [/nix/store/mh78fk3x12q2a77srgkzv16h0irl8r61-glibc-2.31/lib]
    arg [-L/nix/store/5366flzkjhpsbw78zmdr9c20b7zjj49m-gcc-9.3.0/lib/gcc/x86_64-unknown-linux-gnu/9.3.0] ==> dir [/nix/store/5366flzkjhpsbw78zmdr9c20b7zjj49m-gcc-9.3.0/lib/gcc/x86_64-unknown-linux-gnu/9.3.0]
    arg [-L/nix/store/v589pqjhvxrj73g3r0xb41yr84z5pwb7-gcc-9.3.0-lib/x86_64-unknown-linux-gnu/lib] ==> dir [/nix/store/v589pqjhvxrj73g3r0xb41yr84z5pwb7-gcc-9.3.0-lib/x86_64-unknown-linux-gnu/lib]
    arg [-L/nix/store/18vkck1rjpydzrhj5mnbz8b910fva6l7-clang-7.1.0-lib/lib] ==> dir [/nix/store/18vkck1rjpydzrhj5mnbz8b910fva6l7-clang-7.1.0-lib/lib]
    arg [-L/nix/store/5366flzkjhpsbw78zmdr9c20b7zjj49m-gcc-9.3.0/lib64/gcc/x86_64-unknown-linux-gnu/9.3.0] ==> dir [/nix/store/5366flzkjhpsbw78zmdr9c20b7zjj49m-gcc-9.3.0/lib64/gcc/x86_64-unknown-linux-gnu/9.3.0]
    arg [-L/nix/store/5366flzkjhpsbw78zmdr9c20b7zjj49m-gcc-9.3.0/lib64/gcc/x86_64-unknown-linux-gnu/9.3.0/../../../../lib64] ==> dir [/nix/store/5366flzkjhpsbw78zmdr9c20b7zjj49m-gcc-9.3.0/lib64/gcc/x86_64-unknown-linux-gnu/9.3.0/../../../../lib64]
    arg [-L/nix/store/5366flzkjhpsbw78zmdr9c20b7zjj49m-gcc-9.3.0/lib64/gcc/x86_64-unknown-linux-gnu/9.3.0/../../..] ==> dir [/nix/store/5366flzkjhpsbw78zmdr9c20b7zjj49m-gcc-9.3.0/lib64/gcc/x86_64-unknown-linux-gnu/9.3.0/../../..]
    arg [-L/nix/store/l1mlqcyvwv2xvrkld1554lw0sadd96an-clang-7.1.0/bin/../lib] ==> dir [/nix/store/l1mlqcyvwv2xvrkld1554lw0sadd96an-clang-7.1.0/bin/../lib]
    arg [-dynamic-linker] ==> ignore
    arg [/nix/store/mh78fk3x12q2a77srgkzv16h0irl8r61-glibc-2.31/lib/ld-linux-x86-64.so.2] ==> ignore
    arg [CMakeFiles/cmTC_a8bd9.dir/CMakeCCompilerABI.c.o] ==> ignore
    arg [-lgcc] ==> lib [gcc]
    arg [--as-needed] ==> ignore
    arg [-lgcc_s] ==> lib [gcc_s]
    arg [--no-as-needed] ==> ignore
    arg [-lc] ==> lib [c]
    arg [-lgcc] ==> lib [gcc]
    arg [--as-needed] ==> ignore
    arg [-lgcc_s] ==> lib [gcc_s]
    arg [--no-as-needed] ==> ignore
    arg [/nix/store/5366flzkjhpsbw78zmdr9c20b7zjj49m-gcc-9.3.0/lib/gcc/x86_64-unknown-linux-gnu/9.3.0/crtend.o] ==> ignore
    arg [/nix/store/mh78fk3x12q2a77srgkzv16h0irl8r61-glibc-2.31/lib/crtn.o] ==> ignore
  collapse library dir [/nix/store/mh78fk3x12q2a77srgkzv16h0irl8r61-glibc-2.31/lib] ==> [/nix/store/mh78fk3x12q2a77srgkzv16h0irl8r61-glibc-2.31/lib]
  collapse library dir [/nix/store/5366flzkjhpsbw78zmdr9c20b7zjj49m-gcc-9.3.0/lib/gcc/x86_64-unknown-linux-gnu/9.3.0] ==> [/nix/store/5366flzkjhpsbw78zmdr9c20b7zjj49m-gcc-9.3.0/lib/gcc/x86_64-unknown-linux-gnu/9.3.0]
  collapse library dir [/nix/store/v589pqjhvxrj73g3r0xb41yr84z5pwb7-gcc-9.3.0-lib/x86_64-unknown-linux-gnu/lib] ==> [/nix/store/v589pqjhvxrj73g3r0xb41yr84z5pwb7-gcc-9.3.0-lib/x86_64-unknown-linux-gnu/lib]
  collapse library dir [/nix/store/18vkck1rjpydzrhj5mnbz8b910fva6l7-clang-7.1.0-lib/lib] ==> [/nix/store/18vkck1rjpydzrhj5mnbz8b910fva6l7-clang-7.1.0-lib/lib]
  collapse library dir [/nix/store/5366flzkjhpsbw78zmdr9c20b7zjj49m-gcc-9.3.0/lib64/gcc/x86_64-unknown-linux-gnu/9.3.0] ==> [/nix/store/5366flzkjhpsbw78zmdr9c20b7zjj49m-gcc-9.3.0/lib64/gcc/x86_64-unknown-linux-gnu/9.3.0]
  collapse library dir [/nix/store/5366flzkjhpsbw78zmdr9c20b7zjj49m-gcc-9.3.0/lib64/gcc/x86_64-unknown-linux-gnu/9.3.0/../../../../lib64] ==> [/nix/store/5366flzkjhpsbw78zmdr9c20b7zjj49m-gcc-9.3.0/lib64]
  collapse library dir [/nix/store/5366flzkjhpsbw78zmdr9c20b7zjj49m-gcc-9.3.0/lib64/gcc/x86_64-unknown-linux-gnu/9.3.0/../../..] ==> [/nix/store/5366flzkjhpsbw78zmdr9c20b7zjj49m-gcc-9.3.0/lib64]
  collapse library dir [/nix/store/l1mlqcyvwv2xvrkld1554lw0sadd96an-clang-7.1.0/bin/../lib] ==> [/nix/store/l1mlqcyvwv2xvrkld1554lw0sadd96an-clang-7.1.0/lib]
  implicit libs: [gcc;gcc_s;c;gcc;gcc_s]
  implicit dirs: [/nix/store/mh78fk3x12q2a77srgkzv16h0irl8r61-glibc-2.31/lib;/nix/store/5366flzkjhpsbw78zmdr9c20b7zjj49m-gcc-9.3.0/lib/gcc/x86_64-unknown-linux-gnu/9.3.0;/nix/store/v589pqjhvxrj73g3r0xb41yr84z5pwb7-gcc-9.3.0-lib/x86_64-unknown-linux-gnu/lib;/nix/store/18vkck1rjpydzrhj5mnbz8b910fva6l7-clang-7.1.0-lib/lib;/nix/store/5366flzkjhpsbw78zmdr9c20b7zjj49m-gcc-9.3.0/lib64/gcc/x86_64-unknown-linux-gnu/9.3.0;/nix/store/5366flzkjhpsbw78zmdr9c20b7zjj49m-gcc-9.3.0/lib64;/nix/store/l1mlqcyvwv2xvrkld1554lw0sadd96an-clang-7.1.0/lib]
  implicit fwks: []


Detecting CXX compiler ABI info compiled with the following output:
Change Dir: /home/novafacing/hub/llvm-project/clang-tools-extra/clang-tidy/eastwood/CMakeFiles/CMakeTmp

Run Build Command(s):/run/current-system/sw/bin/make cmTC_2b97e/fast && /run/current-system/sw/bin/make  -f CMakeFiles/cmTC_2b97e.dir/build.make CMakeFiles/cmTC_2b97e.dir/build
make[1]: Entering directory '/home/novafacing/hub/llvm-project/clang-tools-extra/clang-tidy/eastwood/CMakeFiles/CMakeTmp'
Building CXX object CMakeFiles/cmTC_2b97e.dir/CMakeCXXCompilerABI.cpp.o
/run/current-system/sw/bin/c++   -v -o CMakeFiles/cmTC_2b97e.dir/CMakeCXXCompilerABI.cpp.o -c /nix/store/jliz2sq0j8yics0g7l1nk6bfcjn35n7n-cmake-3.18.0/share/cmake-3.18/Modules/CMakeCXXCompilerABI.cpp
clang version 7.1.0 (tags/RELEASE_710/final)
Target: x86_64-unknown-linux-gnu
Thread model: posix
InstalledDir: /nix/store/l1mlqcyvwv2xvrkld1554lw0sadd96an-clang-7.1.0/bin
Found candidate GCC installation: /nix/store/5366flzkjhpsbw78zmdr9c20b7zjj49m-gcc-9.3.0/lib/gcc/x86_64-unknown-linux-gnu/9.3.0
Found candidate GCC installation: /nix/store/5366flzkjhpsbw78zmdr9c20b7zjj49m-gcc-9.3.0/lib64/gcc/x86_64-unknown-linux-gnu/9.3.0
Selected GCC installation: /nix/store/5366flzkjhpsbw78zmdr9c20b7zjj49m-gcc-9.3.0/lib64/gcc/x86_64-unknown-linux-gnu/9.3.0
Candidate multilib: .;@m64
Selected multilib: .;@m64
 "/nix/store/l1mlqcyvwv2xvrkld1554lw0sadd96an-clang-7.1.0/bin/clang-7" -cc1 -triple x86_64-unknown-linux-gnu -emit-obj -mrelax-all -disable-free -disable-llvm-verifier -discard-value-names -main-file-name CMakeCXXCompilerABI.cpp -mrelocation-model static -mthread-model posix -mdisable-fp-elim -fmath-errno -masm-verbose -mconstructor-aliases -munwind-tables -fuse-init-array -target-cpu x86-64 -dwarf-column-info -debugger-tuning=gdb -v -coverage-notes-file /home/novafacing/hub/llvm-project/clang-tools-extra/clang-tidy/eastwood/CMakeFiles/CMakeTmp/CMakeFiles/cmTC_2b97e.dir/CMakeCXXCompilerABI.cpp.gcno -nostdsysteminc -resource-dir /nix/store/jbzizcywfmdq2vv50yqqrbjhdmkbq0v2-clang-wrapper-7.1.0/resource-root -idirafter /nix/store/cjvjsz8mnjp23m1hj620a27si505lyzf-glibc-2.31-dev/include -isystem /nix/store/5366flzkjhpsbw78zmdr9c20b7zjj49m-gcc-9.3.0/include/c++/9.3.0 -isystem /nix/store/5366flzkjhpsbw78zmdr9c20b7zjj49m-gcc-9.3.0/include/c++/9.3.0/x86_64-unknown-linux-gnu -internal-isystem /nix/store/jbzizcywfmdq2vv50yqqrbjhdmkbq0v2-clang-wrapper-7.1.0/resource-root/include -fdeprecated-macro -fdebug-compilation-dir /home/novafacing/hub/llvm-project/clang-tools-extra/clang-tidy/eastwood/CMakeFiles/CMakeTmp -ferror-limit 19 -fmessage-length 0 -fobjc-runtime=gcc -fcxx-exceptions -fexceptions -fdiagnostics-show-option -o CMakeFiles/cmTC_2b97e.dir/CMakeCXXCompilerABI.cpp.o -x c++ /nix/store/jliz2sq0j8yics0g7l1nk6bfcjn35n7n-cmake-3.18.0/share/cmake-3.18/Modules/CMakeCXXCompilerABI.cpp -faddrsig
clang -cc1 version 7.1.0 based upon LLVM 7.1.0 default target x86_64-unknown-linux-gnu
#include "..." search starts here:
#include <...> search starts here:
 /nix/store/5366flzkjhpsbw78zmdr9c20b7zjj49m-gcc-9.3.0/include/c++/9.3.0
 /nix/store/5366flzkjhpsbw78zmdr9c20b7zjj49m-gcc-9.3.0/include/c++/9.3.0/x86_64-unknown-linux-gnu
 /nix/store/jbzizcywfmdq2vv50yqqrbjhdmkbq0v2-clang-wrapper-7.1.0/resource-root/include
 /nix/store/cjvjsz8mnjp23m1hj620a27si505lyzf-glibc-2.31-dev/include
End of search list.
Linking CXX executable cmTC_2b97e
/nix/store/jliz2sq0j8yics0g7l1nk6bfcjn35n7n-cmake-3.18.0/bin/cmake -E cmake_link_script CMakeFiles/cmTC_2b97e.dir/link.txt --verbose=1
/run/current-system/sw/bin/c++  -v -rdynamic CMakeFiles/cmTC_2b97e.dir/CMakeCXXCompilerABI.cpp.o -o cmTC_2b97e 
clang version 7.1.0 (tags/RELEASE_710/final)
Target: x86_64-unknown-linux-gnu
Thread model: posix
InstalledDir: /nix/store/l1mlqcyvwv2xvrkld1554lw0sadd96an-clang-7.1.0/bin
Found candidate GCC installation: /nix/store/5366flzkjhpsbw78zmdr9c20b7zjj49m-gcc-9.3.0/lib/gcc/x86_64-unknown-linux-gnu/9.3.0
Found candidate GCC installation: /nix/store/5366flzkjhpsbw78zmdr9c20b7zjj49m-gcc-9.3.0/lib64/gcc/x86_64-unknown-linux-gnu/9.3.0
Selected GCC installation: /nix/store/5366flzkjhpsbw78zmdr9c20b7zjj49m-gcc-9.3.0/lib64/gcc/x86_64-unknown-linux-gnu/9.3.0
Candidate multilib: .;@m64
Selected multilib: .;@m64
 "/nix/store/jbzizcywfmdq2vv50yqqrbjhdmkbq0v2-clang-wrapper-7.1.0/bin/ld" -export-dynamic --eh-frame-hdr -m elf_x86_64 -export-dynamic -o cmTC_2b97e /nix/store/mh78fk3x12q2a77srgkzv16h0irl8r61-glibc-2.31/lib/crt1.o /nix/store/mh78fk3x12q2a77srgkzv16h0irl8r61-glibc-2.31/lib/crti.o /nix/store/5366flzkjhpsbw78zmdr9c20b7zjj49m-gcc-9.3.0/lib/gcc/x86_64-unknown-linux-gnu/9.3.0/crtbegin.o -L/nix/store/mh78fk3x12q2a77srgkzv16h0irl8r61-glibc-2.31/lib -L/nix/store/5366flzkjhpsbw78zmdr9c20b7zjj49m-gcc-9.3.0/lib/gcc/x86_64-unknown-linux-gnu/9.3.0 -L/nix/store/v589pqjhvxrj73g3r0xb41yr84z5pwb7-gcc-9.3.0-lib/x86_64-unknown-linux-gnu/lib -L/nix/store/18vkck1rjpydzrhj5mnbz8b910fva6l7-clang-7.1.0-lib/lib -L/nix/store/5366flzkjhpsbw78zmdr9c20b7zjj49m-gcc-9.3.0/lib64/gcc/x86_64-unknown-linux-gnu/9.3.0 -L/nix/store/5366flzkjhpsbw78zmdr9c20b7zjj49m-gcc-9.3.0/lib64/gcc/x86_64-unknown-linux-gnu/9.3.0/../../../../lib64 -L/nix/store/5366flzkjhpsbw78zmdr9c20b7zjj49m-gcc-9.3.0/lib64/gcc/x86_64-unknown-linux-gnu/9.3.0/../../.. -L/nix/store/l1mlqcyvwv2xvrkld1554lw0sadd96an-clang-7.1.0/bin/../lib -dynamic-linker /nix/store/mh78fk3x12q2a77srgkzv16h0irl8r61-glibc-2.31/lib/ld-linux-x86-64.so.2 CMakeFiles/cmTC_2b97e.dir/CMakeCXXCompilerABI.cpp.o -lstdc++ -lm -lgcc_s -lgcc -lc -lgcc_s -lgcc /nix/store/5366flzkjhpsbw78zmdr9c20b7zjj49m-gcc-9.3.0/lib/gcc/x86_64-unknown-linux-gnu/9.3.0/crtend.o /nix/store/mh78fk3x12q2a77srgkzv16h0irl8r61-glibc-2.31/lib/crtn.o
make[1]: Leaving directory '/home/novafacing/hub/llvm-project/clang-tools-extra/clang-tidy/eastwood/CMakeFiles/CMakeTmp'



Parsed CXX implicit include dir info from above output: rv=done
  found start of include info
  found start of implicit include info
    add: [/nix/store/5366flzkjhpsbw78zmdr9c20b7zjj49m-gcc-9.3.0/include/c++/9.3.0]
    add: [/nix/store/5366flzkjhpsbw78zmdr9c20b7zjj49m-gcc-9.3.0/include/c++/9.3.0/x86_64-unknown-linux-gnu]
    add: [/nix/store/jbzizcywfmdq2vv50yqqrbjhdmkbq0v2-clang-wrapper-7.1.0/resource-root/include]
    add: [/nix/store/cjvjsz8mnjp23m1hj620a27si505lyzf-glibc-2.31-dev/include]
  end of search list found
  collapse include dir [/nix/store/5366flzkjhpsbw78zmdr9c20b7zjj49m-gcc-9.3.0/include/c++/9.3.0] ==> [/nix/store/5366flzkjhpsbw78zmdr9c20b7zjj49m-gcc-9.3.0/include/c++/9.3.0]
  collapse include dir [/nix/store/5366flzkjhpsbw78zmdr9c20b7zjj49m-gcc-9.3.0/include/c++/9.3.0/x86_64-unknown-linux-gnu] ==> [/nix/store/5366flzkjhpsbw78zmdr9c20b7zjj49m-gcc-9.3.0/include/c++/9.3.0/x86_64-unknown-linux-gnu]
  collapse include dir [/nix/store/jbzizcywfmdq2vv50yqqrbjhdmkbq0v2-clang-wrapper-7.1.0/resource-root/include] ==> [/nix/store/jbzizcywfmdq2vv50yqqrbjhdmkbq0v2-clang-wrapper-7.1.0/resource-root/include]
  collapse include dir [/nix/store/cjvjsz8mnjp23m1hj620a27si505lyzf-glibc-2.31-dev/include] ==> [/nix/store/cjvjsz8mnjp23m1hj620a27si505lyzf-glibc-2.31-dev/include]
  implicit include dirs: [/nix/store/5366flzkjhpsbw78zmdr9c20b7zjj49m-gcc-9.3.0/include/c++/9.3.0;/nix/store/5366flzkjhpsbw78zmdr9c20b7zjj49m-gcc-9.3.0/include/c++/9.3.0/x86_64-unknown-linux-gnu;/nix/store/jbzizcywfmdq2vv50yqqrbjhdmkbq0v2-clang-wrapper-7.1.0/resource-root/include;/nix/store/cjvjsz8mnjp23m1hj620a27si505lyzf-glibc-2.31-dev/include]


Parsed CXX implicit link information from above output:
  link line regex: [^( *|.*[/\])(ld|CMAKE_LINK_STARTFILE-NOTFOUND|([^/\]+-)?ld|collect2)[^/\]*( |$)]
  ignore line: [Change Dir: /home/novafacing/hub/llvm-project/clang-tools-extra/clang-tidy/eastwood/CMakeFiles/CMakeTmp]
  ignore line: []
  ignore line: [Run Build Command(s):/run/current-system/sw/bin/make cmTC_2b97e/fast && /run/current-system/sw/bin/make  -f CMakeFiles/cmTC_2b97e.dir/build.make CMakeFiles/cmTC_2b97e.dir/build]
  ignore line: [make[1]: Entering directory '/home/novafacing/hub/llvm-project/clang-tools-extra/clang-tidy/eastwood/CMakeFiles/CMakeTmp']
  ignore line: [Building CXX object CMakeFiles/cmTC_2b97e.dir/CMakeCXXCompilerABI.cpp.o]
  ignore line: [/run/current-system/sw/bin/c++   -v -o CMakeFiles/cmTC_2b97e.dir/CMakeCXXCompilerABI.cpp.o -c /nix/store/jliz2sq0j8yics0g7l1nk6bfcjn35n7n-cmake-3.18.0/share/cmake-3.18/Modules/CMakeCXXCompilerABI.cpp]
  ignore line: [clang version 7.1.0 (tags/RELEASE_710/final)]
  ignore line: [Target: x86_64-unknown-linux-gnu]
  ignore line: [Thread model: posix]
  ignore line: [InstalledDir: /nix/store/l1mlqcyvwv2xvrkld1554lw0sadd96an-clang-7.1.0/bin]
  ignore line: [Found candidate GCC installation: /nix/store/5366flzkjhpsbw78zmdr9c20b7zjj49m-gcc-9.3.0/lib/gcc/x86_64-unknown-linux-gnu/9.3.0]
  ignore line: [Found candidate GCC installation: /nix/store/5366flzkjhpsbw78zmdr9c20b7zjj49m-gcc-9.3.0/lib64/gcc/x86_64-unknown-linux-gnu/9.3.0]
  ignore line: [Selected GCC installation: /nix/store/5366flzkjhpsbw78zmdr9c20b7zjj49m-gcc-9.3.0/lib64/gcc/x86_64-unknown-linux-gnu/9.3.0]
  ignore line: [Candidate multilib: .]
  ignore line: [@m64]
  ignore line: [Selected multilib: .]
  ignore line: [@m64]
  ignore line: [ "/nix/store/l1mlqcyvwv2xvrkld1554lw0sadd96an-clang-7.1.0/bin/clang-7" -cc1 -triple x86_64-unknown-linux-gnu -emit-obj -mrelax-all -disable-free -disable-llvm-verifier -discard-value-names -main-file-name CMakeCXXCompilerABI.cpp -mrelocation-model static -mthread-model posix -mdisable-fp-elim -fmath-errno -masm-verbose -mconstructor-aliases -munwind-tables -fuse-init-array -target-cpu x86-64 -dwarf-column-info -debugger-tuning=gdb -v -coverage-notes-file /home/novafacing/hub/llvm-project/clang-tools-extra/clang-tidy/eastwood/CMakeFiles/CMakeTmp/CMakeFiles/cmTC_2b97e.dir/CMakeCXXCompilerABI.cpp.gcno -nostdsysteminc -resource-dir /nix/store/jbzizcywfmdq2vv50yqqrbjhdmkbq0v2-clang-wrapper-7.1.0/resource-root -idirafter /nix/store/cjvjsz8mnjp23m1hj620a27si505lyzf-glibc-2.31-dev/include -isystem /nix/store/5366flzkjhpsbw78zmdr9c20b7zjj49m-gcc-9.3.0/include/c++/9.3.0 -isystem /nix/store/5366flzkjhpsbw78zmdr9c20b7zjj49m-gcc-9.3.0/include/c++/9.3.0/x86_64-unknown-linux-gnu -internal-isystem /nix/store/jbzizcywfmdq2vv50yqqrbjhdmkbq0v2-clang-wrapper-7.1.0/resource-root/include -fdeprecated-macro -fdebug-compilation-dir /home/novafacing/hub/llvm-project/clang-tools-extra/clang-tidy/eastwood/CMakeFiles/CMakeTmp -ferror-limit 19 -fmessage-length 0 -fobjc-runtime=gcc -fcxx-exceptions -fexceptions -fdiagnostics-show-option -o CMakeFiles/cmTC_2b97e.dir/CMakeCXXCompilerABI.cpp.o -x c++ /nix/store/jliz2sq0j8yics0g7l1nk6bfcjn35n7n-cmake-3.18.0/share/cmake-3.18/Modules/CMakeCXXCompilerABI.cpp -faddrsig]
  ignore line: [clang -cc1 version 7.1.0 based upon LLVM 7.1.0 default target x86_64-unknown-linux-gnu]
  ignore line: [#include "..." search starts here:]
  ignore line: [#include <...> search starts here:]
  ignore line: [ /nix/store/5366flzkjhpsbw78zmdr9c20b7zjj49m-gcc-9.3.0/include/c++/9.3.0]
  ignore line: [ /nix/store/5366flzkjhpsbw78zmdr9c20b7zjj49m-gcc-9.3.0/include/c++/9.3.0/x86_64-unknown-linux-gnu]
  ignore line: [ /nix/store/jbzizcywfmdq2vv50yqqrbjhdmkbq0v2-clang-wrapper-7.1.0/resource-root/include]
  ignore line: [ /nix/store/cjvjsz8mnjp23m1hj620a27si505lyzf-glibc-2.31-dev/include]
  ignore line: [End of search list.]
  ignore line: [Linking CXX executable cmTC_2b97e]
  ignore line: [/nix/store/jliz2sq0j8yics0g7l1nk6bfcjn35n7n-cmake-3.18.0/bin/cmake -E cmake_link_script CMakeFiles/cmTC_2b97e.dir/link.txt --verbose=1]
  ignore line: [/run/current-system/sw/bin/c++  -v -rdynamic CMakeFiles/cmTC_2b97e.dir/CMakeCXXCompilerABI.cpp.o -o cmTC_2b97e ]
  ignore line: [clang version 7.1.0 (tags/RELEASE_710/final)]
  ignore line: [Target: x86_64-unknown-linux-gnu]
  ignore line: [Thread model: posix]
  ignore line: [InstalledDir: /nix/store/l1mlqcyvwv2xvrkld1554lw0sadd96an-clang-7.1.0/bin]
  ignore line: [Found candidate GCC installation: /nix/store/5366flzkjhpsbw78zmdr9c20b7zjj49m-gcc-9.3.0/lib/gcc/x86_64-unknown-linux-gnu/9.3.0]
  ignore line: [Found candidate GCC installation: /nix/store/5366flzkjhpsbw78zmdr9c20b7zjj49m-gcc-9.3.0/lib64/gcc/x86_64-unknown-linux-gnu/9.3.0]
  ignore line: [Selected GCC installation: /nix/store/5366flzkjhpsbw78zmdr9c20b7zjj49m-gcc-9.3.0/lib64/gcc/x86_64-unknown-linux-gnu/9.3.0]
  ignore line: [Candidate multilib: .]
  ignore line: [@m64]
  ignore line: [Selected multilib: .]
  ignore line: [@m64]
  link line: [ "/nix/store/jbzizcywfmdq2vv50yqqrbjhdmkbq0v2-clang-wrapper-7.1.0/bin/ld" -export-dynamic --eh-frame-hdr -m elf_x86_64 -export-dynamic -o cmTC_2b97e /nix/store/mh78fk3x12q2a77srgkzv16h0irl8r61-glibc-2.31/lib/crt1.o /nix/store/mh78fk3x12q2a77srgkzv16h0irl8r61-glibc-2.31/lib/crti.o /nix/store/5366flzkjhpsbw78zmdr9c20b7zjj49m-gcc-9.3.0/lib/gcc/x86_64-unknown-linux-gnu/9.3.0/crtbegin.o -L/nix/store/mh78fk3x12q2a77srgkzv16h0irl8r61-glibc-2.31/lib -L/nix/store/5366flzkjhpsbw78zmdr9c20b7zjj49m-gcc-9.3.0/lib/gcc/x86_64-unknown-linux-gnu/9.3.0 -L/nix/store/v589pqjhvxrj73g3r0xb41yr84z5pwb7-gcc-9.3.0-lib/x86_64-unknown-linux-gnu/lib -L/nix/store/18vkck1rjpydzrhj5mnbz8b910fva6l7-clang-7.1.0-lib/lib -L/nix/store/5366flzkjhpsbw78zmdr9c20b7zjj49m-gcc-9.3.0/lib64/gcc/x86_64-unknown-linux-gnu/9.3.0 -L/nix/store/5366flzkjhpsbw78zmdr9c20b7zjj49m-gcc-9.3.0/lib64/gcc/x86_64-unknown-linux-gnu/9.3.0/../../../../lib64 -L/nix/store/5366flzkjhpsbw78zmdr9c20b7zjj49m-gcc-9.3.0/lib64/gcc/x86_64-unknown-linux-gnu/9.3.0/../../.. -L/nix/store/l1mlqcyvwv2xvrkld1554lw0sadd96an-clang-7.1.0/bin/../lib -dynamic-linker /nix/store/mh78fk3x12q2a77srgkzv16h0irl8r61-glibc-2.31/lib/ld-linux-x86-64.so.2 CMakeFiles/cmTC_2b97e.dir/CMakeCXXCompilerABI.cpp.o -lstdc++ -lm -lgcc_s -lgcc -lc -lgcc_s -lgcc /nix/store/5366flzkjhpsbw78zmdr9c20b7zjj49m-gcc-9.3.0/lib/gcc/x86_64-unknown-linux-gnu/9.3.0/crtend.o /nix/store/mh78fk3x12q2a77srgkzv16h0irl8r61-glibc-2.31/lib/crtn.o]
    arg [/nix/store/jbzizcywfmdq2vv50yqqrbjhdmkbq0v2-clang-wrapper-7.1.0/bin/ld] ==> ignore
    arg [-export-dynamic] ==> ignore
    arg [--eh-frame-hdr] ==> ignore
    arg [-m] ==> ignore
    arg [elf_x86_64] ==> ignore
    arg [-export-dynamic] ==> ignore
    arg [-o] ==> ignore
    arg [cmTC_2b97e] ==> ignore
    arg [/nix/store/mh78fk3x12q2a77srgkzv16h0irl8r61-glibc-2.31/lib/crt1.o] ==> ignore
    arg [/nix/store/mh78fk3x12q2a77srgkzv16h0irl8r61-glibc-2.31/lib/crti.o] ==> ignore
    arg [/nix/store/5366flzkjhpsbw78zmdr9c20b7zjj49m-gcc-9.3.0/lib/gcc/x86_64-unknown-linux-gnu/9.3.0/crtbegin.o] ==> ignore
    arg [-L/nix/store/mh78fk3x12q2a77srgkzv16h0irl8r61-glibc-2.31/lib] ==> dir [/nix/store/mh78fk3x12q2a77srgkzv16h0irl8r61-glibc-2.31/lib]
    arg [-L/nix/store/5366flzkjhpsbw78zmdr9c20b7zjj49m-gcc-9.3.0/lib/gcc/x86_64-unknown-linux-gnu/9.3.0] ==> dir [/nix/store/5366flzkjhpsbw78zmdr9c20b7zjj49m-gcc-9.3.0/lib/gcc/x86_64-unknown-linux-gnu/9.3.0]
    arg [-L/nix/store/v589pqjhvxrj73g3r0xb41yr84z5pwb7-gcc-9.3.0-lib/x86_64-unknown-linux-gnu/lib] ==> dir [/nix/store/v589pqjhvxrj73g3r0xb41yr84z5pwb7-gcc-9.3.0-lib/x86_64-unknown-linux-gnu/lib]
    arg [-L/nix/store/18vkck1rjpydzrhj5mnbz8b910fva6l7-clang-7.1.0-lib/lib] ==> dir [/nix/store/18vkck1rjpydzrhj5mnbz8b910fva6l7-clang-7.1.0-lib/lib]
    arg [-L/nix/store/5366flzkjhpsbw78zmdr9c20b7zjj49m-gcc-9.3.0/lib64/gcc/x86_64-unknown-linux-gnu/9.3.0] ==> dir [/nix/store/5366flzkjhpsbw78zmdr9c20b7zjj49m-gcc-9.3.0/lib64/gcc/x86_64-unknown-linux-gnu/9.3.0]
    arg [-L/nix/store/5366flzkjhpsbw78zmdr9c20b7zjj49m-gcc-9.3.0/lib64/gcc/x86_64-unknown-linux-gnu/9.3.0/../../../../lib64] ==> dir [/nix/store/5366flzkjhpsbw78zmdr9c20b7zjj49m-gcc-9.3.0/lib64/gcc/x86_64-unknown-linux-gnu/9.3.0/../../../../lib64]
    arg [-L/nix/store/5366flzkjhpsbw78zmdr9c20b7zjj49m-gcc-9.3.0/lib64/gcc/x86_64-unknown-linux-gnu/9.3.0/../../..] ==> dir [/nix/store/5366flzkjhpsbw78zmdr9c20b7zjj49m-gcc-9.3.0/lib64/gcc/x86_64-unknown-linux-gnu/9.3.0/../../..]
    arg [-L/nix/store/l1mlqcyvwv2xvrkld1554lw0sadd96an-clang-7.1.0/bin/../lib] ==> dir [/nix/store/l1mlqcyvwv2xvrkld1554lw0sadd96an-clang-7.1.0/bin/../lib]
    arg [-dynamic-linker] ==> ignore
    arg [/nix/store/mh78fk3x12q2a77srgkzv16h0irl8r61-glibc-2.31/lib/ld-linux-x86-64.so.2] ==> ignore
    arg [CMakeFiles/cmTC_2b97e.dir/CMakeCXXCompilerABI.cpp.o] ==> ignore
    arg [-lstdc++] ==> lib [stdc++]
    arg [-lm] ==> lib [m]
    arg [-lgcc_s] ==> lib [gcc_s]
    arg [-lgcc] ==> lib [gcc]
    arg [-lc] ==> lib [c]
    arg [-lgcc_s] ==> lib [gcc_s]
    arg [-lgcc] ==> lib [gcc]
    arg [/nix/store/5366flzkjhpsbw78zmdr9c20b7zjj49m-gcc-9.3.0/lib/gcc/x86_64-unknown-linux-gnu/9.3.0/crtend.o] ==> ignore
    arg [/nix/store/mh78fk3x12q2a77srgkzv16h0irl8r61-glibc-2.31/lib/crtn.o] ==> ignore
  collapse library dir [/nix/store/mh78fk3x12q2a77srgkzv16h0irl8r61-glibc-2.31/lib] ==> [/nix/store/mh78fk3x12q2a77srgkzv16h0irl8r61-glibc-2.31/lib]
  collapse library dir [/nix/store/5366flzkjhpsbw78zmdr9c20b7zjj49m-gcc-9.3.0/lib/gcc/x86_64-unknown-linux-gnu/9.3.0] ==> [/nix/store/5366flzkjhpsbw78zmdr9c20b7zjj49m-gcc-9.3.0/lib/gcc/x86_64-unknown-linux-gnu/9.3.0]
  collapse library dir [/nix/store/v589pqjhvxrj73g3r0xb41yr84z5pwb7-gcc-9.3.0-lib/x86_64-unknown-linux-gnu/lib] ==> [/nix/store/v589pqjhvxrj73g3r0xb41yr84z5pwb7-gcc-9.3.0-lib/x86_64-unknown-linux-gnu/lib]
  collapse library dir [/nix/store/18vkck1rjpydzrhj5mnbz8b910fva6l7-clang-7.1.0-lib/lib] ==> [/nix/store/18vkck1rjpydzrhj5mnbz8b910fva6l7-clang-7.1.0-lib/lib]
  collapse library dir [/nix/store/5366flzkjhpsbw78zmdr9c20b7zjj49m-gcc-9.3.0/lib64/gcc/x86_64-unknown-linux-gnu/9.3.0] ==> [/nix/store/5366flzkjhpsbw78zmdr9c20b7zjj49m-gcc-9.3.0/lib64/gcc/x86_64-unknown-linux-gnu/9.3.0]
  collapse library dir [/nix/store/5366flzkjhpsbw78zmdr9c20b7zjj49m-gcc-9.3.0/lib64/gcc/x86_64-unknown-linux-gnu/9.3.0/../../../../lib64] ==> [/nix/store/5366flzkjhpsbw78zmdr9c20b7zjj49m-gcc-9.3.0/lib64]
  collapse library dir [/nix/store/5366flzkjhpsbw78zmdr9c20b7zjj49m-gcc-9.3.0/lib64/gcc/x86_64-unknown-linux-gnu/9.3.0/../../..] ==> [/nix/store/5366flzkjhpsbw78zmdr9c20b7zjj49m-gcc-9.3.0/lib64]
  collapse library dir [/nix/store/l1mlqcyvwv2xvrkld1554lw0sadd96an-clang-7.1.0/bin/../lib] ==> [/nix/store/l1mlqcyvwv2xvrkld1554lw0sadd96an-clang-7.1.0/lib]
  implicit libs: [stdc++;m;gcc_s;gcc;c;gcc_s;gcc]
  implicit dirs: [/nix/store/mh78fk3x12q2a77srgkzv16h0irl8r61-glibc-2.31/lib;/nix/store/5366flzkjhpsbw78zmdr9c20b7zjj49m-gcc-9.3.0/lib/gcc/x86_64-unknown-linux-gnu/9.3.0;/nix/store/v589pqjhvxrj73g3r0xb41yr84z5pwb7-gcc-9.3.0-lib/x86_64-unknown-linux-gnu/lib;/nix/store/18vkck1rjpydzrhj5mnbz8b910fva6l7-clang-7.1.0-lib/lib;/nix/store/5366flzkjhpsbw78zmdr9c20b7zjj49m-gcc-9.3.0/lib64/gcc/x86_64-unknown-linux-gnu/9.3.0;/nix/store/5366flzkjhpsbw78zmdr9c20b7zjj49m-gcc-9.3.0/lib64;/nix/store/l1mlqcyvwv2xvrkld1554lw0sadd96an-clang-7.1.0/lib]
  implicit fwks: []


